#! /c/Source/iverilog-install/bin/vvp
:ivl_version "12.0 (devel)" "(s20150603-1539-g2693dd32b)";
:ivl_delay_selection "TYPICAL";
:vpi_time_precision + 0;
:vpi_module "C:\iverilog\lib\ivl\system.vpi";
:vpi_module "C:\iverilog\lib\ivl\vhdl_sys.vpi";
:vpi_module "C:\iverilog\lib\ivl\vhdl_textio.vpi";
:vpi_module "C:\iverilog\lib\ivl\v2005_math.vpi";
:vpi_module "C:\iverilog\lib\ivl\va_math.vpi";
S_000002a276d52d00 .scope module, "top_module" "top_module" 2 1;
 .timescale 0 0;
    .port_info 0 /INPUT 1 "in1";
    .port_info 1 /INPUT 1 "in2";
    .port_info 2 /INPUT 1 "in3";
    .port_info 3 /OUTPUT 1 "out";
o000002a276d86948 .functor BUFZ 1, C4<z>; HiZ drive
o000002a276d86978 .functor BUFZ 1, C4<z>; HiZ drive
L_000002a276d53360 .functor XNOR 1, o000002a276d86948, o000002a276d86978, C4<0>, C4<0>;
o000002a276d869a8 .functor BUFZ 1, C4<z>; HiZ drive
L_000002a276d537a0 .functor XOR 1, o000002a276d869a8, L_000002a276d53360, C4<0>, C4<0>;
v000002a276d53580_0 .net *"_ivl_0", 0 0, L_000002a276d53360;  1 drivers
v000002a276d52e90_0 .net "in1", 0 0, o000002a276d86948;  0 drivers
v000002a276d52f30_0 .net "in2", 0 0, o000002a276d86978;  0 drivers
v000002a276d52fd0_0 .net "in3", 0 0, o000002a276d869a8;  0 drivers
v000002a276d53070_0 .net "out", 0 0, L_000002a276d537a0;  1 drivers
# The file index is used to find the file name in the following table.
:file_names 3;
    "N/A";
    "<interactive>";
    "4.v";
