#! /c/Source/iverilog-install/bin/vvp
:ivl_version "12.0 (devel)" "(s20150603-1539-g2693dd32b)";
:ivl_delay_selection "TYPICAL";
:vpi_time_precision + 0;
:vpi_module "C:\iverilog\lib\ivl\system.vpi";
:vpi_module "C:\iverilog\lib\ivl\vhdl_sys.vpi";
:vpi_module "C:\iverilog\lib\ivl\vhdl_textio.vpi";
:vpi_module "C:\iverilog\lib\ivl\v2005_math.vpi";
:vpi_module "C:\iverilog\lib\ivl\va_math.vpi";
S_000001e1628c2ce0 .scope module, "top_module" "top_module" 2 1;
 .timescale 0 0;
    .port_info 0 /INPUT 100 "a";
    .port_info 1 /INPUT 100 "b";
    .port_info 2 /INPUT 1 "cin";
    .port_info 3 /OUTPUT 1 "cout";
    .port_info 4 /OUTPUT 100 "sum";
L_000001e162940070 .functor BUFT 1, C4<0>, C4<0>, C4<0>, C4<0>;
v000001e1628c34b0_0 .net *"_ivl_10", 0 0, L_000001e162940070;  1 drivers
v000001e1628c2e70_0 .net *"_ivl_11", 100 0, L_000001e1628f17e0;  1 drivers
v000001e1628c2f10_0 .net *"_ivl_13", 100 0, L_000001e1628f1d80;  1 drivers
L_000001e1629400b8 .functor BUFT 1, C4<0000000000000000000000000000000000000000000000000000000000000000000000000000000000000000000000000000>, C4<0>, C4<0>, C4<0>;
v000001e1628c2fb0_0 .net *"_ivl_16", 99 0, L_000001e1629400b8;  1 drivers
v000001e1628c3050_0 .net *"_ivl_17", 100 0, L_000001e1628f1e20;  1 drivers
v000001e1628c30f0_0 .net *"_ivl_3", 100 0, L_000001e1628f14c0;  1 drivers
L_000001e162940028 .functor BUFT 1, C4<0>, C4<0>, C4<0>, C4<0>;
v000001e1628ae5e0_0 .net *"_ivl_6", 0 0, L_000001e162940028;  1 drivers
v000001e1628ae680_0 .net *"_ivl_7", 100 0, L_000001e1628f1c40;  1 drivers
o000001e1628f7128 .functor BUFZ 100, C4<zzzzzzzzzzzzzzzzzzzzzzzzzzzzzzzzzzzzzzzzzzzzzzzzzzzzzzzzzzzzzzzzzzzzzzzzzzzzzzzzzzzzzzzzzzzzzzzzzzzz>; HiZ drive
v000001e1628ae720_0 .net "a", 99 0, o000001e1628f7128;  0 drivers
o000001e1628f7158 .functor BUFZ 100, C4<zzzzzzzzzzzzzzzzzzzzzzzzzzzzzzzzzzzzzzzzzzzzzzzzzzzzzzzzzzzzzzzzzzzzzzzzzzzzzzzzzzzzzzzzzzzzzzzzzzzz>; HiZ drive
v000001e1628ae850_0 .net "b", 99 0, o000001e1628f7158;  0 drivers
o000001e1628f7188 .functor BUFZ 1, C4<z>; HiZ drive
v000001e1628ae8f0_0 .net "cin", 0 0, o000001e1628f7188;  0 drivers
v000001e1628ae990_0 .net "cout", 0 0, L_000001e1628f1100;  1 drivers
v000001e1628f19c0_0 .net "sum", 99 0, L_000001e1628f11a0;  1 drivers
L_000001e1628f1100 .part L_000001e1628f1e20, 100, 1;
L_000001e1628f11a0 .part L_000001e1628f1e20, 0, 100;
L_000001e1628f14c0 .concat [ 100 1 0 0], o000001e1628f7128, L_000001e162940028;
L_000001e1628f1c40 .concat [ 100 1 0 0], o000001e1628f7158, L_000001e162940070;
L_000001e1628f17e0 .arith/sum 101, L_000001e1628f14c0, L_000001e1628f1c40;
L_000001e1628f1d80 .concat [ 1 100 0 0], o000001e1628f7188, L_000001e1629400b8;
L_000001e1628f1e20 .arith/sum 101, L_000001e1628f17e0, L_000001e1628f1d80;
# The file index is used to find the file name in the following table.
:file_names 3;
    "N/A";
    "<interactive>";
    "adder_100.v";
