#! /c/Source/iverilog-install/bin/vvp
:ivl_version "12.0 (devel)" "(s20150603-1539-g2693dd32b)";
:ivl_delay_selection "TYPICAL";
:vpi_time_precision + 0;
:vpi_module "C:\iverilog\lib\ivl\system.vpi";
:vpi_module "C:\iverilog\lib\ivl\vhdl_sys.vpi";
:vpi_module "C:\iverilog\lib\ivl\vhdl_textio.vpi";
:vpi_module "C:\iverilog\lib\ivl\v2005_math.vpi";
:vpi_module "C:\iverilog\lib\ivl\va_math.vpi";
S_000001208fda2ce0 .scope module, "top_module" "top_module" 2 1;
 .timescale 0 0;
    .port_info 0 /INPUT 1 "a";
    .port_info 1 /INPUT 1 "b";
    .port_info 2 /INPUT 1 "cin";
    .port_info 3 /OUTPUT 1 "cout";
    .port_info 4 /OUTPUT 1 "sum";
o000001208fdd7098 .functor BUFZ 1, C4<z>; HiZ drive
o000001208fdd70c8 .functor BUFZ 1, C4<z>; HiZ drive
L_000001208fd8a420 .functor AND 1, o000001208fdd7098, o000001208fdd70c8, C4<1>, C4<1>;
L_000001208fda35a0 .functor XOR 1, o000001208fdd7098, o000001208fdd70c8, C4<0>, C4<0>;
o000001208fdd70f8 .functor BUFZ 1, C4<z>; HiZ drive
L_000001208fda37a0 .functor AND 1, o000001208fdd70f8, L_000001208fda35a0, C4<1>, C4<1>;
L_000001208fd8e4a0 .functor OR 1, L_000001208fd8a420, L_000001208fda37a0, C4<0>, C4<0>;
L_000001208fd8e510 .functor XOR 1, o000001208fdd7098, o000001208fdd70c8, C4<0>, C4<0>;
L_000001208fd8e580 .functor XOR 1, L_000001208fd8e510, o000001208fdd70f8, C4<0>, C4<0>;
v000001208fd8a380_0 .net *"_ivl_0", 0 0, L_000001208fd8a420;  1 drivers
v000001208fda2e70_0 .net *"_ivl_2", 0 0, L_000001208fda35a0;  1 drivers
v000001208fda2f10_0 .net *"_ivl_4", 0 0, L_000001208fda37a0;  1 drivers
v000001208fda2fb0_0 .net *"_ivl_8", 0 0, L_000001208fd8e510;  1 drivers
v000001208fda3050_0 .net "a", 0 0, o000001208fdd7098;  0 drivers
v000001208fda30f0_0 .net "b", 0 0, o000001208fdd70c8;  0 drivers
v000001208fd8e230_0 .net "cin", 0 0, o000001208fdd70f8;  0 drivers
v000001208fd8e2d0_0 .net "cout", 0 0, L_000001208fd8e4a0;  1 drivers
v000001208fd8e370_0 .net "sum", 0 0, L_000001208fd8e580;  1 drivers
# The file index is used to find the file name in the following table.
:file_names 3;
    "N/A";
    "<interactive>";
    "fadd.v";
