#! /c/Source/iverilog-install/bin/vvp
:ivl_version "12.0 (devel)" "(s20150603-1539-g2693dd32b)";
:ivl_delay_selection "TYPICAL";
:vpi_time_precision + 0;
:vpi_module "C:\iverilog\lib\ivl\system.vpi";
:vpi_module "C:\iverilog\lib\ivl\vhdl_sys.vpi";
:vpi_module "C:\iverilog\lib\ivl\vhdl_textio.vpi";
:vpi_module "C:\iverilog\lib\ivl\v2005_math.vpi";
:vpi_module "C:\iverilog\lib\ivl\va_math.vpi";
S_000001477e3b5de0 .scope module, "top_module" "top_module" 2 9;
 .timescale 0 0;
    .port_info 0 /INPUT 4 "x";
    .port_info 1 /INPUT 4 "y";
    .port_info 2 /OUTPUT 5 "sum";
o000001477e3b90c8 .functor BUFZ 1, C4<z>; HiZ drive
v000001477e407cb0_0 .net "cin", 0 0, o000001477e3b90c8;  0 drivers
v000001477e4070d0_0 .net "cout", 2 0, L_000001477e4066d0;  1 drivers
v000001477e4078f0_0 .net "sum", 4 0, L_000001477e406b30;  1 drivers
o000001477e3b9a88 .functor BUFZ 4, C4<zzzz>; HiZ drive
v000001477e4068b0_0 .net "x", 3 0, o000001477e3b9a88;  0 drivers
o000001477e3b9ab8 .functor BUFZ 4, C4<zzzz>; HiZ drive
v000001477e406590_0 .net "y", 3 0, o000001477e3b9ab8;  0 drivers
L_000001477e406810 .part o000001477e3b9a88, 0, 1;
L_000001477e406770 .part o000001477e3b9ab8, 0, 1;
L_000001477e407d50 .part o000001477e3b9a88, 1, 1;
L_000001477e4075d0 .part o000001477e3b9ab8, 1, 1;
L_000001477e406310 .part L_000001477e4066d0, 0, 1;
L_000001477e407990 .part o000001477e3b9a88, 2, 1;
L_000001477e4063b0 .part o000001477e3b9ab8, 2, 1;
L_000001477e406450 .part L_000001477e4066d0, 1, 1;
L_000001477e4066d0 .concat8 [ 1 1 1 0], L_000001477e3acd80, L_000001477e4106a0, L_000001477e410240;
L_000001477e406a90 .part o000001477e3b9a88, 3, 1;
L_000001477e407350 .part o000001477e3b9ab8, 3, 1;
L_000001477e4073f0 .part L_000001477e4066d0, 2, 1;
LS_000001477e406b30_0_0 .concat8 [ 1 1 1 1], L_000001477e3acf40, L_000001477e410470, L_000001477e410c50, L_000001477e410940;
LS_000001477e406b30_0_4 .concat8 [ 1 0 0 0], L_000001477e410cc0;
L_000001477e406b30 .concat8 [ 4 1 0 0], LS_000001477e406b30_0_0, LS_000001477e406b30_0_4;
S_000001477e3b5f70 .scope module, "f1" "fadd" 2 14, 2 1 0, S_000001477e3b5de0;
 .timescale 0 0;
    .port_info 0 /INPUT 1 "a";
    .port_info 1 /INPUT 1 "b";
    .port_info 2 /INPUT 1 "cin";
    .port_info 3 /OUTPUT 1 "cout";
    .port_info 4 /OUTPUT 1 "sum";
L_000001477e3acc30 .functor AND 1, L_000001477e406810, L_000001477e406770, C4<1>, C4<1>;
L_000001477e3acca0 .functor XOR 1, L_000001477e406810, L_000001477e406770, C4<0>, C4<0>;
L_000001477e3acd10 .functor AND 1, o000001477e3b90c8, L_000001477e3acca0, C4<1>, C4<1>;
L_000001477e3acd80 .functor OR 1, L_000001477e3acc30, L_000001477e3acd10, C4<0>, C4<0>;
L_000001477e3aced0 .functor XOR 1, L_000001477e406810, L_000001477e406770, C4<0>, C4<0>;
L_000001477e3acf40 .functor XOR 1, L_000001477e3aced0, o000001477e3b90c8, C4<0>, C4<0>;
v000001477e3aa330_0 .net *"_ivl_0", 0 0, L_000001477e3acc30;  1 drivers
v000001477e3aabf0_0 .net *"_ivl_2", 0 0, L_000001477e3acca0;  1 drivers
v000001477e3aac90_0 .net *"_ivl_4", 0 0, L_000001477e3acd10;  1 drivers
v000001477e3aa6f0_0 .net *"_ivl_8", 0 0, L_000001477e3aced0;  1 drivers
v000001477e3aa790_0 .net "a", 0 0, L_000001477e406810;  1 drivers
v000001477e406e50_0 .net "b", 0 0, L_000001477e406770;  1 drivers
v000001477e406130_0 .net "cin", 0 0, o000001477e3b90c8;  alias, 0 drivers
v000001477e406090_0 .net "cout", 0 0, L_000001477e3acd80;  1 drivers
v000001477e4061d0_0 .net "sum", 0 0, L_000001477e3acf40;  1 drivers
S_000001477e3b4b50 .scope module, "f2" "fadd" 2 15, 2 1 0, S_000001477e3b5de0;
 .timescale 0 0;
    .port_info 0 /INPUT 1 "a";
    .port_info 1 /INPUT 1 "b";
    .port_info 2 /INPUT 1 "cin";
    .port_info 3 /OUTPUT 1 "cout";
    .port_info 4 /OUTPUT 1 "sum";
L_000001477e410400 .functor AND 1, L_000001477e407d50, L_000001477e4075d0, C4<1>, C4<1>;
L_000001477e4107f0 .functor XOR 1, L_000001477e407d50, L_000001477e4075d0, C4<0>, C4<0>;
L_000001477e4108d0 .functor AND 1, L_000001477e406310, L_000001477e4107f0, C4<1>, C4<1>;
L_000001477e4106a0 .functor OR 1, L_000001477e410400, L_000001477e4108d0, C4<0>, C4<0>;
L_000001477e4104e0 .functor XOR 1, L_000001477e407d50, L_000001477e4075d0, C4<0>, C4<0>;
L_000001477e410470 .functor XOR 1, L_000001477e4104e0, L_000001477e406310, C4<0>, C4<0>;
v000001477e407df0_0 .net *"_ivl_0", 0 0, L_000001477e410400;  1 drivers
v000001477e406ef0_0 .net *"_ivl_2", 0 0, L_000001477e4107f0;  1 drivers
v000001477e406d10_0 .net *"_ivl_4", 0 0, L_000001477e4108d0;  1 drivers
v000001477e406630_0 .net *"_ivl_8", 0 0, L_000001477e4104e0;  1 drivers
v000001477e406950_0 .net "a", 0 0, L_000001477e407d50;  1 drivers
v000001477e4072b0_0 .net "b", 0 0, L_000001477e4075d0;  1 drivers
v000001477e407170_0 .net "cin", 0 0, L_000001477e406310;  1 drivers
v000001477e407530_0 .net "cout", 0 0, L_000001477e4106a0;  1 drivers
v000001477e4069f0_0 .net "sum", 0 0, L_000001477e410470;  1 drivers
S_000001477e3b4ce0 .scope module, "f3" "fadd" 2 16, 2 1 0, S_000001477e3b5de0;
 .timescale 0 0;
    .port_info 0 /INPUT 1 "a";
    .port_info 1 /INPUT 1 "b";
    .port_info 2 /INPUT 1 "cin";
    .port_info 3 /OUTPUT 1 "cout";
    .port_info 4 /OUTPUT 1 "sum";
L_000001477e410710 .functor AND 1, L_000001477e407990, L_000001477e4063b0, C4<1>, C4<1>;
L_000001477e410a20 .functor XOR 1, L_000001477e407990, L_000001477e4063b0, C4<0>, C4<0>;
L_000001477e410550 .functor AND 1, L_000001477e406450, L_000001477e410a20, C4<1>, C4<1>;
L_000001477e410240 .functor OR 1, L_000001477e410710, L_000001477e410550, C4<0>, C4<0>;
L_000001477e411120 .functor XOR 1, L_000001477e407990, L_000001477e4063b0, C4<0>, C4<0>;
L_000001477e410c50 .functor XOR 1, L_000001477e411120, L_000001477e406450, C4<0>, C4<0>;
v000001477e407670_0 .net *"_ivl_0", 0 0, L_000001477e410710;  1 drivers
v000001477e407f30_0 .net *"_ivl_2", 0 0, L_000001477e410a20;  1 drivers
v000001477e407e90_0 .net *"_ivl_4", 0 0, L_000001477e410550;  1 drivers
v000001477e406db0_0 .net *"_ivl_8", 0 0, L_000001477e411120;  1 drivers
v000001477e406f90_0 .net "a", 0 0, L_000001477e407990;  1 drivers
v000001477e407ad0_0 .net "b", 0 0, L_000001477e4063b0;  1 drivers
v000001477e407710_0 .net "cin", 0 0, L_000001477e406450;  1 drivers
v000001477e407210_0 .net "cout", 0 0, L_000001477e410240;  1 drivers
v000001477e407030_0 .net "sum", 0 0, L_000001477e410c50;  1 drivers
S_000001477e408050 .scope module, "f4" "fadd" 2 17, 2 1 0, S_000001477e3b5de0;
 .timescale 0 0;
    .port_info 0 /INPUT 1 "a";
    .port_info 1 /INPUT 1 "b";
    .port_info 2 /INPUT 1 "cin";
    .port_info 3 /OUTPUT 1 "cout";
    .port_info 4 /OUTPUT 1 "sum";
L_000001477e4105c0 .functor AND 1, L_000001477e406a90, L_000001477e407350, C4<1>, C4<1>;
L_000001477e410320 .functor XOR 1, L_000001477e406a90, L_000001477e407350, C4<0>, C4<0>;
L_000001477e4102b0 .functor AND 1, L_000001477e4073f0, L_000001477e410320, C4<1>, C4<1>;
L_000001477e410cc0 .functor OR 1, L_000001477e4105c0, L_000001477e4102b0, C4<0>, C4<0>;
L_000001477e410390 .functor XOR 1, L_000001477e406a90, L_000001477e407350, C4<0>, C4<0>;
L_000001477e410940 .functor XOR 1, L_000001477e410390, L_000001477e4073f0, C4<0>, C4<0>;
v000001477e406270_0 .net *"_ivl_0", 0 0, L_000001477e4105c0;  1 drivers
v000001477e407b70_0 .net *"_ivl_2", 0 0, L_000001477e410320;  1 drivers
v000001477e4077b0_0 .net *"_ivl_4", 0 0, L_000001477e4102b0;  1 drivers
v000001477e407a30_0 .net *"_ivl_8", 0 0, L_000001477e410390;  1 drivers
v000001477e4064f0_0 .net "a", 0 0, L_000001477e406a90;  1 drivers
v000001477e406c70_0 .net "b", 0 0, L_000001477e407350;  1 drivers
v000001477e406bd0_0 .net "cin", 0 0, L_000001477e4073f0;  1 drivers
v000001477e407850_0 .net "cout", 0 0, L_000001477e410cc0;  1 drivers
v000001477e407c10_0 .net "sum", 0 0, L_000001477e410940;  1 drivers
# The file index is used to find the file name in the following table.
:file_names 3;
    "N/A";
    "<interactive>";
    "m2014_q4j.v";
