#! /c/Source/iverilog-install/bin/vvp
:ivl_version "12.0 (devel)" "(s20150603-1539-g2693dd32b)";
:ivl_delay_selection "TYPICAL";
:vpi_time_precision + 0;
:vpi_module "C:\iverilog\lib\ivl\system.vpi";
:vpi_module "C:\iverilog\lib\ivl\vhdl_sys.vpi";
:vpi_module "C:\iverilog\lib\ivl\vhdl_textio.vpi";
:vpi_module "C:\iverilog\lib\ivl\v2005_math.vpi";
:vpi_module "C:\iverilog\lib\ivl\va_math.vpi";
S_00000251f5fc2df0 .scope module, "top_module" "top_module" 2 1;
 .timescale 0 0;
    .port_info 0 /INPUT 1 "clk";
    .port_info 1 /INPUT 1 "d";
    .port_info 2 /OUTPUT 1 "q";
o00000251f5ff67e8 .functor BUFZ 1, C4<z>; HiZ drive
v00000251f5fc3340_0 .net "clk", 0 0, o00000251f5ff67e8;  0 drivers
o00000251f5ff6818 .functor BUFZ 1, C4<z>; HiZ drive
v00000251f5fc3560_0 .net "d", 0 0, o00000251f5ff6818;  0 drivers
v00000251f5fc37f0_0 .var "q", 0 0;
E_00000251f5ff5580 .event posedge, v00000251f5fc3340_0;
    .scope S_00000251f5fc2df0;
T_0 ;
    %wait E_00000251f5ff5580;
    %load/vec4 v00000251f5fc3560_0;
    %assign/vec4 v00000251f5fc37f0_0, 0;
    %jmp T_0;
    .thread T_0;
# The file index is used to find the file name in the following table.
:file_names 3;
    "N/A";
    "<interactive>";
    "dff.v";
