#! /c/Source/iverilog-install/bin/vvp
:ivl_version "12.0 (devel)" "(s20150603-1539-g2693dd32b)";
:ivl_delay_selection "TYPICAL";
:vpi_time_precision + 0;
:vpi_module "C:\iverilog\lib\ivl\system.vpi";
:vpi_module "C:\iverilog\lib\ivl\vhdl_sys.vpi";
:vpi_module "C:\iverilog\lib\ivl\vhdl_textio.vpi";
:vpi_module "C:\iverilog\lib\ivl\v2005_math.vpi";
:vpi_module "C:\iverilog\lib\ivl\va_math.vpi";
S_000002b581392d00 .scope module, "top_module" "top_module" 2 2;
 .timescale 0 0;
    .port_info 0 /INPUT 1 "a";
    .port_info 1 /INPUT 1 "b";
    .port_info 2 /INPUT 1 "sel_b1";
    .port_info 3 /INPUT 1 "sel_b2";
    .port_info 4 /OUTPUT 1 "out_assign";
    .port_info 5 /OUTPUT 1 "out_always";
o000002b5813c70a8 .functor BUFZ 1, C4<z>; HiZ drive
o000002b5813c70d8 .functor BUFZ 1, C4<z>; HiZ drive
L_000002b5813937a0 .functor AND 1, o000002b5813c70a8, o000002b5813c70d8, C4<1>, C4<1>;
v000002b581393360_0 .net *"_ivl_0", 0 0, L_000002b5813937a0;  1 drivers
o000002b5813c6fe8 .functor BUFZ 1, C4<z>; HiZ drive
v000002b581392e90_0 .net "a", 0 0, o000002b5813c6fe8;  0 drivers
o000002b5813c7018 .functor BUFZ 1, C4<z>; HiZ drive
v000002b581392f30_0 .net "b", 0 0, o000002b5813c7018;  0 drivers
v000002b581392fd0_0 .var "out_always", 0 0;
v000002b581393070_0 .net "out_assign", 0 0, L_000002b58137e580;  1 drivers
v000002b58137e440_0 .net "sel_b1", 0 0, o000002b5813c70a8;  0 drivers
v000002b58137e4e0_0 .net "sel_b2", 0 0, o000002b5813c70d8;  0 drivers
E_000002b5813795c0 .event anyedge, v000002b58137e440_0, v000002b58137e4e0_0, v000002b581392f30_0, v000002b581392e90_0;
L_000002b58137e580 .functor MUXZ 1, o000002b5813c6fe8, o000002b5813c7018, L_000002b5813937a0, C4<>;
    .scope S_000002b581392d00;
T_0 ;
    %wait E_000002b5813795c0;
    %load/vec4 v000002b58137e440_0;
    %load/vec4 v000002b58137e4e0_0;
    %and;
    %flag_set/vec4 8;
    %jmp/0xz  T_0.0, 8;
    %load/vec4 v000002b581392f30_0;
    %store/vec4 v000002b581392fd0_0, 0, 1;
    %jmp T_0.1;
T_0.0 ;
    %load/vec4 v000002b581392e90_0;
    %store/vec4 v000002b581392fd0_0, 0, 1;
T_0.1 ;
    %jmp T_0;
    .thread T_0, $push;
# The file index is used to find the file name in the following table.
:file_names 3;
    "N/A";
    "<interactive>";
    "3_if.v";
