#! /c/Source/iverilog-install/bin/vvp
:ivl_version "12.0 (devel)" "(s20150603-1539-g2693dd32b)";
:ivl_delay_selection "TYPICAL";
:vpi_time_precision + 0;
:vpi_module "C:\iverilog\lib\ivl\system.vpi";
:vpi_module "C:\iverilog\lib\ivl\vhdl_sys.vpi";
:vpi_module "C:\iverilog\lib\ivl\vhdl_textio.vpi";
:vpi_module "C:\iverilog\lib\ivl\v2005_math.vpi";
:vpi_module "C:\iverilog\lib\ivl\va_math.vpi";
S_0000021058b22df0 .scope module, "top_module" "top_module" 2 1;
 .timescale 0 0;
    .port_info 0 /INPUT 100 "in";
    .port_info 1 /OUTPUT 100 "out";
v0000021058b23490_0 .var/i "i", 31 0;
o0000021058b57008 .functor BUFZ 100, C4<zzzzzzzzzzzzzzzzzzzzzzzzzzzzzzzzzzzzzzzzzzzzzzzzzzzzzzzzzzzzzzzzzzzzzzzzzzzzzzzzzzzzzzzzzzzzzzzzzzzz>; HiZ drive
v0000021058b22f80_0 .net "in", 99 0, o0000021058b57008;  0 drivers
v0000021058b23020_0 .var "out", 99 0;
E_0000021058b55340 .event anyedge, v0000021058b22f80_0;
    .scope S_0000021058b22df0;
T_0 ;
    %wait E_0000021058b55340;
    %pushi/vec4 0, 0, 32;
    %store/vec4 v0000021058b23490_0, 0, 32;
T_0.0 ;
    %load/vec4 v0000021058b23490_0;
    %cmpi/s 100, 0, 32;
    %jmp/0xz T_0.1, 5;
    %load/vec4 v0000021058b22f80_0;
    %pushi/vec4 99, 0, 32;
    %load/vec4 v0000021058b23490_0;
    %sub;
    %part/s 1;
    %ix/getv/s 4, v0000021058b23490_0;
    %store/vec4 v0000021058b23020_0, 4, 1;
    %load/vec4 v0000021058b23490_0;
    %addi 1, 0, 32;
    %store/vec4 v0000021058b23490_0, 0, 32;
    %jmp T_0.0;
T_0.1 ;
    %jmp T_0;
    .thread T_0, $push;
# The file index is used to find the file name in the following table.
:file_names 3;
    "N/A";
    "<interactive>";
    "reverse.v";
